mode: set
leetcode/tree/tree.go:13.45,36.33 4 0
leetcode/tree/tree.go:48.2,48.12 1 0
leetcode/tree/tree.go:36.33,37.15 1 0
leetcode/tree/tree.go:41.3,41.21 1 0
leetcode/tree/tree.go:37.15,40.4 2 0
leetcode/tree/tree.go:41.21,46.4 4 0
leetcode/tree/tree.go:52.46,53.17 1 0
leetcode/tree/tree.go:56.2,59.13 4 0
leetcode/tree/tree.go:53.17,55.3 1 0
leetcode/tree/tree.go:63.46,67.34 4 0
leetcode/tree/tree.go:80.2,80.12 1 0
leetcode/tree/tree.go:67.34,68.16 1 0
leetcode/tree/tree.go:73.3,73.22 1 0
leetcode/tree/tree.go:68.16,72.4 3 0
leetcode/tree/tree.go:73.22,78.4 3 0
leetcode/tree/tree.go:84.47,85.17 1 0
leetcode/tree/tree.go:88.2,91.13 4 0
leetcode/tree/tree.go:85.17,87.3 1 0
leetcode/tree/tree.go:95.45,102.21 6 0
leetcode/tree/tree.go:119.2,119.12 1 0
leetcode/tree/tree.go:102.21,105.101 2 0
leetcode/tree/tree.go:105.101,110.4 3 0
leetcode/tree/tree.go:110.4,111.24 1 0
leetcode/tree/tree.go:114.4,114.23 1 0
leetcode/tree/tree.go:111.24,113.5 1 0
leetcode/tree/tree.go:114.23,116.5 1 0
leetcode/tree/tree.go:123.47,131.23 7 0
leetcode/tree/tree.go:136.2,136.21 1 0
leetcode/tree/tree.go:161.2,161.12 1 0
leetcode/tree/tree.go:131.23,134.3 2 0
leetcode/tree/tree.go:136.21,137.16 1 0
leetcode/tree/tree.go:148.3,148.21 1 0
leetcode/tree/tree.go:137.16,138.22 1 0
leetcode/tree/tree.go:141.4,141.21 1 0
leetcode/tree/tree.go:145.4,145.14 1 0
leetcode/tree/tree.go:138.22,140.5 1 0
leetcode/tree/tree.go:141.21,143.5 1 0
leetcode/tree/tree.go:148.21,150.32 2 0
leetcode/tree/tree.go:155.4,158.17 3 0
leetcode/tree/tree.go:150.32,153.13 3 0
leetcode/tree/tree.go:165.46,166.17 1 0
leetcode/tree/tree.go:169.2,172.13 4 0
leetcode/tree/tree.go:166.17,168.3 1 0
leetcode/tree/tree.go:176.38,178.25 2 0
leetcode/tree/tree.go:202.2,202.12 1 0
leetcode/tree/tree.go:178.25,179.17 1 0
leetcode/tree/tree.go:183.3,184.16 2 0
leetcode/tree/tree.go:179.17,181.12 2 0
leetcode/tree/tree.go:184.16,185.17 1 0
leetcode/tree/tree.go:185.17,186.23 1 0
leetcode/tree/tree.go:186.23,188.11 2 0
leetcode/tree/tree.go:189.6,191.6 1 0
leetcode/tree/tree.go:192.5,193.22 1 0
leetcode/tree/tree.go:193.22,195.11 2 0
leetcode/tree/tree.go:196.6,198.6 1 0
leetcode/tree/tree.go:206.43,207.20 1 0
leetcode/tree/tree.go:210.2,216.29 6 0
leetcode/tree/tree.go:247.2,247.12 1 0
leetcode/tree/tree.go:207.20,209.3 1 0
leetcode/tree/tree.go:216.29,218.15 1 0
leetcode/tree/tree.go:223.3,223.11 1 0
leetcode/tree/tree.go:218.15,222.4 3 0
leetcode/tree/tree.go:223.11,224.15 1 0
leetcode/tree/tree.go:233.4,233.16 1 0
leetcode/tree/tree.go:224.15,227.5 1 0
leetcode/tree/tree.go:227.5,231.5 2 0
leetcode/tree/tree.go:234.4,235.15 1 0
leetcode/tree/tree.go:243.4,244.15 2 0
leetcode/tree/tree.go:235.15,238.5 1 0
leetcode/tree/tree.go:238.5,242.5 2 0
leetcode/tree/unique_binary_search_trees.go:19.26,20.12 1 0
leetcode/tree/unique_binary_search_trees.go:24.2,27.26 3 0
leetcode/tree/unique_binary_search_trees.go:32.2,32.17 1 0
leetcode/tree/unique_binary_search_trees.go:20.12,22.3 1 0
leetcode/tree/unique_binary_search_trees.go:27.26,28.27 1 0
leetcode/tree/unique_binary_search_trees.go:28.27,30.4 1 0
leetcode/tree/unique_binary_search_trees.go:39.39,40.12 1 0
leetcode/tree/unique_binary_search_trees.go:43.2,43.29 1 0
leetcode/tree/unique_binary_search_trees.go:40.12,42.3 1 0
leetcode/tree/unique_binary_search_trees.go:46.56,47.18 1 0
leetcode/tree/unique_binary_search_trees.go:50.2,50.19 1 0
leetcode/tree/unique_binary_search_trees.go:54.2,54.39 1 0
leetcode/tree/unique_binary_search_trees.go:65.2,65.12 1 0
leetcode/tree/unique_binary_search_trees.go:47.18,49.3 1 0
leetcode/tree/unique_binary_search_trees.go:50.19,52.3 1 0
leetcode/tree/unique_binary_search_trees.go:54.39,58.24 3 0
leetcode/tree/unique_binary_search_trees.go:58.24,59.25 1 0
leetcode/tree/unique_binary_search_trees.go:59.25,62.5 2 0
leetcode/tree/unique_binary_search_trees.go:69.38,74.33 4 0
leetcode/tree/unique_binary_search_trees.go:91.2,91.13 1 0
leetcode/tree/unique_binary_search_trees.go:74.33,75.16 1 0
leetcode/tree/unique_binary_search_trees.go:80.3,80.21 1 0
leetcode/tree/unique_binary_search_trees.go:75.16,78.4 2 0
leetcode/tree/unique_binary_search_trees.go:80.21,84.63 3 0
leetcode/tree/unique_binary_search_trees.go:87.4,88.17 2 0
leetcode/tree/unique_binary_search_trees.go:84.63,86.5 1 0
leetcode/tree/unique_binary_search_trees.go:95.34,96.17 1 0
leetcode/tree/unique_binary_search_trees.go:99.2,104.25 5 0
leetcode/tree/unique_binary_search_trees.go:96.17,98.3 1 0
leetcode/tree/unique_binary_search_trees.go:104.25,106.3 1 0
leetcode/tree/unique_binary_search_trees.go:109.81,110.17 1 0
leetcode/tree/unique_binary_search_trees.go:113.2,117.19 5 0
leetcode/tree/unique_binary_search_trees.go:110.17,112.3 1 0
leetcode/tree/unique_binary_search_trees.go:121.41,122.17 1 0
leetcode/tree/unique_binary_search_trees.go:125.2,128.21 3 0
leetcode/tree/unique_binary_search_trees.go:145.2,145.13 1 0
leetcode/tree/unique_binary_search_trees.go:122.17,124.3 1 0
leetcode/tree/unique_binary_search_trees.go:128.21,131.27 3 0
leetcode/tree/unique_binary_search_trees.go:142.3,143.19 2 0
leetcode/tree/unique_binary_search_trees.go:131.27,134.21 2 0
leetcode/tree/unique_binary_search_trees.go:137.4,137.22 1 0
leetcode/tree/unique_binary_search_trees.go:134.21,136.5 1 0
leetcode/tree/unique_binary_search_trees.go:137.22,139.5 1 0
leetcode/tree/unique_binary_search_trees.go:149.47,150.17 1 0
leetcode/tree/unique_binary_search_trees.go:153.2,157.21 4 0
leetcode/tree/unique_binary_search_trees.go:183.2,183.13 1 0
leetcode/tree/unique_binary_search_trees.go:150.17,152.3 1 0
leetcode/tree/unique_binary_search_trees.go:157.21,160.40 3 0
leetcode/tree/unique_binary_search_trees.go:179.3,181.19 3 0
leetcode/tree/unique_binary_search_trees.go:160.40,163.12 3 0
leetcode/tree/unique_binary_search_trees.go:163.12,164.22 1 0
leetcode/tree/unique_binary_search_trees.go:167.5,167.23 1 0
leetcode/tree/unique_binary_search_trees.go:164.22,166.6 1 0
leetcode/tree/unique_binary_search_trees.go:167.23,169.6 1 0
leetcode/tree/unique_binary_search_trees.go:170.5,171.23 1 0
leetcode/tree/unique_binary_search_trees.go:174.5,174.22 1 0
leetcode/tree/unique_binary_search_trees.go:171.23,173.6 1 0
leetcode/tree/unique_binary_search_trees.go:174.22,176.6 1 0
leetcode/tree/unique_binary_search_trees.go:187.58,188.45 1 0
leetcode/tree/unique_binary_search_trees.go:191.2,192.28 2 0
leetcode/tree/unique_binary_search_trees.go:196.2,197.33 2 0
leetcode/tree/unique_binary_search_trees.go:216.2,216.13 1 0
leetcode/tree/unique_binary_search_trees.go:188.45,190.3 1 0
leetcode/tree/unique_binary_search_trees.go:192.28,194.3 1 0
leetcode/tree/unique_binary_search_trees.go:197.33,198.28 1 0
leetcode/tree/unique_binary_search_trees.go:198.28,199.29 1 0
leetcode/tree/unique_binary_search_trees.go:199.29,200.23 1 0
leetcode/tree/unique_binary_search_trees.go:200.23,202.6 1 0
leetcode/tree/unique_binary_search_trees.go:202.6,204.11 2 0
leetcode/tree/unique_binary_search_trees.go:206.5,207.22 1 0
leetcode/tree/unique_binary_search_trees.go:207.22,209.6 1 0
leetcode/tree/unique_binary_search_trees.go:209.6,211.11 2 0
leetcode/tree/unique_binary_search_trees.go:220.59,221.46 1 0
leetcode/tree/unique_binary_search_trees.go:224.2,225.28 2 0
leetcode/tree/unique_binary_search_trees.go:229.2,231.43 2 0
leetcode/tree/unique_binary_search_trees.go:251.2,251.13 1 0
leetcode/tree/unique_binary_search_trees.go:221.46,223.3 1 0
leetcode/tree/unique_binary_search_trees.go:225.28,227.3 1 0
leetcode/tree/unique_binary_search_trees.go:231.43,233.28 2 0
leetcode/tree/unique_binary_search_trees.go:233.28,234.29 1 0
leetcode/tree/unique_binary_search_trees.go:234.29,235.23 1 0
leetcode/tree/unique_binary_search_trees.go:235.23,237.6 1 0
leetcode/tree/unique_binary_search_trees.go:237.6,239.11 2 0
leetcode/tree/unique_binary_search_trees.go:241.5,242.22 1 0
leetcode/tree/unique_binary_search_trees.go:242.22,244.6 1 0
leetcode/tree/unique_binary_search_trees.go:244.6,246.11 2 0
leetcode/tree/unique_binary_search_trees.go:255.47,256.17 1 0
leetcode/tree/unique_binary_search_trees.go:259.2,262.21 3 0
leetcode/tree/unique_binary_search_trees.go:281.2,282.22 2 0
leetcode/tree/unique_binary_search_trees.go:285.2,285.30 1 0
leetcode/tree/unique_binary_search_trees.go:288.2,288.13 1 0
leetcode/tree/unique_binary_search_trees.go:256.17,258.3 1 0
leetcode/tree/unique_binary_search_trees.go:262.21,265.27 3 0
leetcode/tree/unique_binary_search_trees.go:276.3,277.19 2 0
leetcode/tree/unique_binary_search_trees.go:265.27,268.21 2 0
leetcode/tree/unique_binary_search_trees.go:271.4,271.22 1 0
leetcode/tree/unique_binary_search_trees.go:268.21,270.5 1 0
leetcode/tree/unique_binary_search_trees.go:271.22,273.5 1 0
leetcode/tree/unique_binary_search_trees.go:282.22,284.3 1 0
leetcode/tree/unique_binary_search_trees.go:285.30,287.3 1 0
leetcode/tree/unique_binary_search_trees.go:292.45,293.20 1 0
leetcode/tree/unique_binary_search_trees.go:297.2,297.20 1 0
leetcode/tree/unique_binary_search_trees.go:300.2,305.13 5 0
leetcode/tree/unique_binary_search_trees.go:293.20,295.3 1 0
leetcode/tree/unique_binary_search_trees.go:297.20,299.3 1 0
leetcode/tree/unique_binary_search_trees.go:309.39,312.35 3 0
leetcode/tree/unique_binary_search_trees.go:333.2,334.13 2 0
leetcode/tree/unique_binary_search_trees.go:312.35,313.12 1 0
leetcode/tree/unique_binary_search_trees.go:316.3,316.19 1 0
leetcode/tree/unique_binary_search_trees.go:319.3,321.67 3 0
leetcode/tree/unique_binary_search_trees.go:325.3,326.31 2 0
leetcode/tree/unique_binary_search_trees.go:331.3,331.20 1 0
leetcode/tree/unique_binary_search_trees.go:313.12,315.4 1 0
leetcode/tree/unique_binary_search_trees.go:316.19,318.4 1 0
leetcode/tree/unique_binary_search_trees.go:321.67,324.4 2 0
leetcode/tree/unique_binary_search_trees.go:326.31,328.4 1 0
leetcode/tree/unique_binary_search_trees.go:328.4,330.4 1 0
leetcode/tree/unique_binary_search_trees.go:338.39,341.2 2 0
leetcode/tree/unique_binary_search_trees.go:344.45,345.17 1 0
leetcode/tree/unique_binary_search_trees.go:349.2,350.11 2 0
leetcode/tree/unique_binary_search_trees.go:353.2,354.11 2 0
leetcode/tree/unique_binary_search_trees.go:357.2,357.66 1 0
leetcode/tree/unique_binary_search_trees.go:360.2,361.30 2 0
leetcode/tree/unique_binary_search_trees.go:366.2,366.25 1 0
leetcode/tree/unique_binary_search_trees.go:345.17,347.3 1 0
leetcode/tree/unique_binary_search_trees.go:350.11,352.3 1 0
leetcode/tree/unique_binary_search_trees.go:354.11,356.3 1 0
leetcode/tree/unique_binary_search_trees.go:357.66,359.3 1 0
leetcode/tree/unique_binary_search_trees.go:361.30,363.3 1 0
leetcode/tree/unique_binary_search_trees.go:363.3,365.3 1 0
leetcode/tree/unique_binary_search_trees.go:370.35,371.17 1 0
leetcode/tree/unique_binary_search_trees.go:374.2,374.43 1 0
leetcode/tree/unique_binary_search_trees.go:377.2,378.22 2 0
leetcode/tree/unique_binary_search_trees.go:381.2,381.23 1 0
leetcode/tree/unique_binary_search_trees.go:385.2,386.22 2 0
leetcode/tree/unique_binary_search_trees.go:395.2,395.19 1 0
leetcode/tree/unique_binary_search_trees.go:371.17,373.3 1 0
leetcode/tree/unique_binary_search_trees.go:374.43,376.3 1 0
leetcode/tree/unique_binary_search_trees.go:378.22,380.3 1 0
leetcode/tree/unique_binary_search_trees.go:381.23,383.3 1 0
leetcode/tree/unique_binary_search_trees.go:386.22,388.3 1 0
leetcode/tree/unique_binary_search_trees.go:388.3,388.30 1 0
leetcode/tree/unique_binary_search_trees.go:388.30,390.3 1 0
leetcode/tree/unique_binary_search_trees.go:390.3,390.37 1 0
leetcode/tree/unique_binary_search_trees.go:390.37,392.3 1 0
leetcode/tree/unique_binary_search_trees.go:392.3,394.3 1 0
leetcode/tree/Path Sum II.go:6.47,12.2 4 0
leetcode/tree/Path Sum II.go:14.76,15.17 1 0
leetcode/tree/Path Sum II.go:19.2,20.43 2 0
leetcode/tree/Path Sum II.go:29.2,35.12 6 0
leetcode/tree/Path Sum II.go:15.17,17.3 1 0
leetcode/tree/Path Sum II.go:20.43,22.29 2 0
leetcode/tree/Path Sum II.go:27.3,27.13 1 0
leetcode/tree/Path Sum II.go:22.29,25.4 2 0
leetcode/tree/bst.go:7.48,8.20 1 0
leetcode/tree/bst.go:11.2,12.33 2 0
leetcode/tree/bst.go:37.2,37.13 1 0
leetcode/tree/bst.go:8.20,10.3 1 0
leetcode/tree/bst.go:12.33,13.13 1 0
leetcode/tree/bst.go:17.3,18.19 2 0
leetcode/tree/bst.go:13.13,15.12 2 0
leetcode/tree/bst.go:18.19,19.26 1 0
leetcode/tree/bst.go:19.26,20.26 1 0
leetcode/tree/bst.go:20.26,22.11 2 0
leetcode/tree/bst.go:23.6,25.6 1 0
leetcode/tree/bst.go:26.5,27.25 1 0
leetcode/tree/bst.go:27.25,29.11 2 0
leetcode/tree/bst.go:30.6,32.6 1 0
leetcode/tree/bst.go:41.39,45.36 4 0
leetcode/tree/bst.go:58.2,58.12 1 0
leetcode/tree/bst.go:45.36,46.19 1 0
leetcode/tree/bst.go:50.3,50.21 1 0
leetcode/tree/bst.go:46.19,49.4 2 0
leetcode/tree/bst.go:50.21,55.4 4 0
leetcode/tree/bst.go:62.40,66.36 4 0
leetcode/tree/bst.go:79.2,79.12 1 0
leetcode/tree/bst.go:66.36,67.19 1 0
leetcode/tree/bst.go:72.3,72.21 1 0
leetcode/tree/bst.go:67.19,71.4 3 0
leetcode/tree/bst.go:72.21,76.4 3 0
leetcode/tree/bst.go:84.41,89.21 5 0
leetcode/tree/bst.go:108.2,108.12 1 0
leetcode/tree/bst.go:89.21,94.103 2 0
leetcode/tree/bst.go:94.103,98.4 3 0
leetcode/tree/bst.go:98.4,99.25 1 0
leetcode/tree/bst.go:102.4,102.24 1 0
leetcode/tree/bst.go:99.25,101.5 1 0
leetcode/tree/bst.go:102.24,104.5 1 0
leetcode/tree/bst.go:112.39,116.21 4 0
leetcode/tree/bst.go:133.2,133.12 1 0
leetcode/tree/bst.go:116.21,119.27 3 0
leetcode/tree/bst.go:128.3,130.13 3 0
leetcode/tree/bst.go:119.27,121.21 2 0
leetcode/tree/bst.go:124.4,124.22 1 0
leetcode/tree/bst.go:121.21,123.5 1 0
leetcode/tree/bst.go:124.22,126.5 1 0
leetcode/tree/bst.go:137.44,138.17 1 0
leetcode/tree/bst.go:142.2,143.18 2 0
leetcode/tree/bst.go:160.2,160.13 1 0
leetcode/tree/bst.go:138.17,141.3 2 0
leetcode/tree/bst.go:143.18,144.19 1 0
leetcode/tree/bst.go:144.19,145.25 1 0
leetcode/tree/bst.go:145.25,147.10 2 0
leetcode/tree/bst.go:148.5,150.5 1 0
leetcode/tree/bst.go:151.4,152.24 1 0
leetcode/tree/bst.go:152.24,154.10 2 0
leetcode/tree/bst.go:155.5,157.5 1 0
leetcode/tree/bst.go:170.47,174.37 4 0
leetcode/tree/bst.go:185.2,185.37 1 0
leetcode/tree/bst.go:196.2,196.37 1 0
leetcode/tree/bst.go:206.2,208.17 3 0
leetcode/tree/bst.go:213.2,215.18 2 0
leetcode/tree/bst.go:174.37,177.18 2 0
leetcode/tree/bst.go:182.3,182.19 1 0
leetcode/tree/bst.go:177.18,179.4 1 0
leetcode/tree/bst.go:179.4,179.26 1 0
leetcode/tree/bst.go:179.26,181.4 1 0
leetcode/tree/bst.go:185.37,187.18 2 0
leetcode/tree/bst.go:192.3,192.19 1 0
leetcode/tree/bst.go:187.18,189.4 1 0
leetcode/tree/bst.go:189.4,189.26 1 0
leetcode/tree/bst.go:189.26,191.4 1 0
leetcode/tree/bst.go:196.37,198.18 2 0
leetcode/tree/bst.go:203.3,203.19 1 0
leetcode/tree/bst.go:198.18,200.4 1 0
leetcode/tree/bst.go:200.4,200.26 1 0
leetcode/tree/bst.go:200.26,202.4 1 0
leetcode/tree/bst.go:208.17,210.3 1 0
leetcode/tree/bst.go:210.3,210.25 1 0
leetcode/tree/bst.go:210.25,212.3 1 0
leetcode/tree/bst.go:219.45,221.23 2 0
leetcode/tree/bst.go:224.2,224.13 1 0
leetcode/tree/bst.go:221.23,223.3 1 0
leetcode/tree/bst.go:228.47,232.36 3 0
leetcode/tree/bst.go:249.2,249.12 1 0
leetcode/tree/bst.go:232.36,233.19 1 0
leetcode/tree/bst.go:237.3,237.21 1 0
leetcode/tree/bst.go:233.19,236.4 2 0
leetcode/tree/bst.go:237.21,240.44 3 0
leetcode/tree/bst.go:243.4,243.46 1 0
leetcode/tree/bst.go:246.4,246.20 1 0
leetcode/tree/bst.go:240.44,242.5 1 0
leetcode/tree/bst.go:243.46,245.5 1 0
leetcode/tree/bst.go:253.39,258.36 5 0
leetcode/tree/bst.go:271.2,272.24 2 0
leetcode/tree/bst.go:275.2,275.13 1 0
leetcode/tree/bst.go:258.36,259.19 1 0
leetcode/tree/bst.go:263.3,263.21 1 0
leetcode/tree/bst.go:259.19,262.4 2 0
leetcode/tree/bst.go:263.21,269.4 5 0
leetcode/tree/bst.go:272.24,274.3 1 0
leetcode/tree/bst.go:279.45,283.36 4 1
leetcode/tree/bst.go:298.2,298.12 1 0
leetcode/tree/bst.go:283.36,284.19 1 1
leetcode/tree/bst.go:288.3,288.21 1 1
leetcode/tree/bst.go:284.19,287.4 2 1
leetcode/tree/bst.go:288.21,292.20 4 1
leetcode/tree/bst.go:295.4,295.20 1 1
leetcode/tree/bst.go:292.20,294.5 1 1
